#
# There is insufficient memory for the Java Runtime Environment to continue.
# Native memory allocation (malloc) failed to allocate 2063376 bytes for Chunk::new
# Possible reasons:
#   The system is out of physical RAM or swap space
#   The process is running with CompressedOops enabled, and the Java Heap may be blocking the growth of the native heap
# Possible solutions:
#   Reduce memory load on the system
#   Increase physical memory or swap space
#   Check if swap backing store is full
#   Decrease Java heap size (-Xmx/-Xms)
#   Decrease number of Java threads
#   Decrease Java thread stack sizes (-Xss)
#   Set larger code cache with -XX:ReservedCodeCacheSize=
#   JVM is running with Unscaled Compressed Oops mode in which the Java heap is
#     placed in the first 4GB address space. The Java Heap base address is the
#     maximum limit for the native heap growth. Please use -XX:HeapBaseMinAddress
#     to set the Java Heap base and to place the Java Heap above 4GB virtual address.
# This output file may be truncated or incomplete.
#
#  Out of Memory Error (./open/src/hotspot/share/memory/arena.cpp:197), pid=16784, tid=6532
#
# JRE version: Java(TM) SE Runtime Environment 18.9 (11.0.10+8) (build 11.0.10+8-LTS-162)
# Java VM: Java HotSpot(TM) 64-Bit Server VM 18.9 (11.0.10+8-LTS-162, mixed mode, tiered, compressed oops, g1 gc, windows-amd64)
# No core dump will be written. Minidumps are not enabled by default on client versions of Windows
#

---------------  S U M M A R Y ------------

Command Line: C:\Users\user\AppData\Local\Temp\surefire2204970647300378047\surefirebooter17950986039094702841.jar C:\Users\user\AppData\Local\Temp\surefire2204970647300378047 2021-10-15T09-41-38_500-jvmRun1 surefire1603479125990486796tmp surefire_018163582291336656285tmp

Host: Intel(R) Core(TM) i7-6700HQ CPU @ 2.60GHz, 8 cores, 7G,  Windows 10 , 64 bit Build 19041 (10.0.19041.1202)
Time: Fri Oct 15 09:41:59 2021 GMT (heure d’été) elapsed time: 19.442244 seconds (0d 0h 0m 19s)

---------------  T H R E A D  ---------------

Current thread (0x0000026cd0303000):  JavaThread "C2 CompilerThread1" daemon [_thread_in_native, id=6532, stack(0x0000009d2d400000,0x0000009d2d500000)]


Current CompileTask:
C2:  19442 4654       4       org.springframework.beans.factory.support.AbstractBeanFactory::isTypeMatch (607 bytes)

Stack: [0x0000009d2d400000,0x0000009d2d500000]
Native frames: (J=compiled Java code, j=interpreted, Vv=VM code, C=native code)
V  [jvm.dll+0x613e6a]
V  [jvm.dll+0x74c1ff]
V  [jvm.dll+0x74d885]
V  [jvm.dll+0x74df03]
V  [jvm.dll+0x243b78]
V  [jvm.dll+0xba2cc]
V  [jvm.dll+0xba9cc]
V  [jvm.dll+0x3469c7]
V  [jvm.dll+0x3147d3]
V  [jvm.dll+0x313b1a]
V  [jvm.dll+0x1fd395]
V  [jvm.dll+0x1fc54f]
V  [jvm.dll+0x17f09c]
V  [jvm.dll+0x20bbd4]
V  [jvm.dll+0x209cab]
V  [jvm.dll+0x713619]
V  [jvm.dll+0x70c314]
V  [jvm.dll+0x613036]
C  [ucrtbase.dll+0x21bb2]
C  [KERNEL32.DLL+0x17034]
C  [ntdll.dll+0x52651]


---------------  P R O C E S S  ---------------

Threads class SMR info:
_java_thread_list=0x0000026ccc36fbc0, length=16, elements={
0x0000026cac3af800, 0x0000026ccb0da000, 0x0000026ccb0e3000, 0x0000026ccb0f2000,
0x0000026ccb0f3000, 0x0000026ccb0f6800, 0x0000026ccb103000, 0x0000026ccb107800,
0x0000026ccbbf6000, 0x0000026ccbc03000, 0x0000026ccbc8d800, 0x0000026ccbbfd800,
0x0000026cd0303000, 0x0000026cce30b800, 0x0000026cce30c000, 0x0000026cce30d000
}

Java Threads: ( => current thread )
  0x0000026cac3af800 JavaThread "main" [_thread_in_Java, id=21236, stack(0x0000009d2bd00000,0x0000009d2be00000)]
  0x0000026ccb0da000 JavaThread "Reference Handler" daemon [_thread_blocked, id=20600, stack(0x0000009d2c400000,0x0000009d2c500000)]
  0x0000026ccb0e3000 JavaThread "Finalizer" daemon [_thread_blocked, id=15828, stack(0x0000009d2c500000,0x0000009d2c600000)]
  0x0000026ccb0f2000 JavaThread "Signal Dispatcher" daemon [_thread_blocked, id=15900, stack(0x0000009d2c600000,0x0000009d2c700000)]
  0x0000026ccb0f3000 JavaThread "Attach Listener" daemon [_thread_blocked, id=21332, stack(0x0000009d2c700000,0x0000009d2c800000)]
  0x0000026ccb0f6800 JavaThread "C2 CompilerThread0" daemon [_thread_in_native, id=18104, stack(0x0000009d2c800000,0x0000009d2c900000)]
  0x0000026ccb103000 JavaThread "C1 CompilerThread0" daemon [_thread_blocked, id=20284, stack(0x0000009d2c900000,0x0000009d2ca00000)]
  0x0000026ccb107800 JavaThread "Sweeper thread" daemon [_thread_blocked, id=18268, stack(0x0000009d2ca00000,0x0000009d2cb00000)]
  0x0000026ccbbf6000 JavaThread "Service Thread" daemon [_thread_blocked, id=18016, stack(0x0000009d2cb00000,0x0000009d2cc00000)]
  0x0000026ccbc03000 JavaThread "Common-Cleaner" daemon [_thread_blocked, id=4956, stack(0x0000009d2cd00000,0x0000009d2ce00000)]
  0x0000026ccbc8d800 JavaThread "surefire-forkedjvm-command-thread" daemon [_thread_in_native, id=20756, stack(0x0000009d2ce00000,0x0000009d2cf00000)]
  0x0000026ccbbfd800 JavaThread "surefire-forkedjvm-ping-30s" daemon [_thread_blocked, id=19784, stack(0x0000009d2cf00000,0x0000009d2d000000)]
=>0x0000026cd0303000 JavaThread "C2 CompilerThread1" daemon [_thread_in_native, id=6532, stack(0x0000009d2d400000,0x0000009d2d500000)]
  0x0000026cce30b800 JavaThread "HikariPool-1 housekeeper" daemon [_thread_blocked, id=21440, stack(0x0000009d2d600000,0x0000009d2d700000)]
  0x0000026cce30c000 JavaThread "HikariPool-1 connection adder" daemon [_thread_blocked, id=21480, stack(0x0000009d2d700000,0x0000009d2d800000)]
  0x0000026cce30d000 JavaThread "task-1" [_thread_in_vm, id=7588, stack(0x0000009d2d800000,0x0000009d2d900000)]

Other Threads:
  0x0000026ccb0b6800 VMThread "VM Thread" [stack: 0x0000009d2c300000,0x0000009d2c400000] [id=20348]
  0x0000026ccbc02800 WatcherThread [stack: 0x0000009d2cc00000,0x0000009d2cd00000] [id=19200]
  0x0000026cac3c3800 GCTaskThread "GC Thread#0" [stack: 0x0000009d2be00000,0x0000009d2bf00000] [id=4256]
  0x0000026ccbf86800 GCTaskThread "GC Thread#1" [stack: 0x0000009d2d100000,0x0000009d2d200000] [id=20636]
  0x0000026ccc4a9000 GCTaskThread "GC Thread#2" [stack: 0x0000009d2d200000,0x0000009d2d300000] [id=7848]
  0x0000026cce08e000 GCTaskThread "GC Thread#3" [stack: 0x0000009d2d500000,0x0000009d2d600000] [id=5356]
  0x0000026cac3f6000 ConcurrentGCThread "G1 Main Marker" [stack: 0x0000009d2bf00000,0x0000009d2c000000] [id=10612]
  0x0000026cac3f8800 ConcurrentGCThread "G1 Conc#0" [stack: 0x0000009d2c000000,0x0000009d2c100000] [id=4216]
  0x0000026ccd73e800 ConcurrentGCThread "G1 Conc#1" [stack: 0x0000009d2d000000,0x0000009d2d100000] [id=18116]
  0x0000026ccaf20800 ConcurrentGCThread "G1 Refine#0" [stack: 0x0000009d2c100000,0x0000009d2c200000] [id=14392]
  0x0000026ccaf21800 ConcurrentGCThread "G1 Young RemSet Sampling" [stack: 0x0000009d2c200000,0x0000009d2c300000] [id=13692]

Threads with active compile tasks:
C2 CompilerThread0  19548 4752       4       org.springframework.core.ResolvableType::forType (115 bytes)
C2 CompilerThread1  19548 4654       4       org.springframework.beans.factory.support.AbstractBeanFactory::isTypeMatch (607 bytes)

VM state:not at safepoint (normal execution)

VM Mutex/Monitor currently owned by a thread: None

Heap address: 0x0000000081e00000, size: 2018 MB, Compressed Oops mode: 32-bit
Narrow klass base: 0x0000000000000000, Narrow klass shift: 3
Compressed class space size: 1073741824 Address: 0x0000000100000000

Heap:
 garbage-first heap   total 157696K, used 39505K [0x0000000081e00000, 0x0000000100000000)
  region size 1024K, 27 young (27648K), 10 survivors (10240K)
 Metaspace       used 53863K, capacity 55130K, committed 55244K, reserved 1097728K
  class space    used 6574K, capacity 7082K, committed 7168K, reserved 1048576K
Heap Regions: E=young(eden), S=young(survivor), O=old, HS=humongous(starts), HC=humongous(continues), CS=collection set, F=free, A=archive, TAMS=top-at-mark-start (previous, next)
|   0|0x0000000081e00000, 0x0000000081f00000, 0x0000000081f00000|100%|HS|  |TAMS 0x0000000081f00000, 0x0000000081e00000| Complete 
|   1|0x0000000081f00000, 0x0000000082000000, 0x0000000082000000|100%| O|  |TAMS 0x0000000082000000, 0x0000000081f00000| Untracked 
|   2|0x0000000082000000, 0x0000000082100000, 0x0000000082100000|100%| O|  |TAMS 0x0000000082100000, 0x0000000082000000| Untracked 
|   3|0x0000000082100000, 0x0000000082200000, 0x0000000082200000|100%| O|  |TAMS 0x0000000082200000, 0x0000000082100000| Untracked 
|   4|0x0000000082200000, 0x0000000082300000, 0x0000000082300000|100%| O|  |TAMS 0x0000000082300000, 0x0000000082200000| Untracked 
|   5|0x0000000082300000, 0x0000000082400000, 0x0000000082400000|100%| O|  |TAMS 0x0000000082400000, 0x0000000082300000| Untracked 
|   6|0x0000000082400000, 0x0000000082500000, 0x0000000082500000|100%| O|  |TAMS 0x0000000082500000, 0x0000000082400000| Untracked 
|   7|0x0000000082500000, 0x0000000082600000, 0x0000000082600000|100%| O|  |TAMS 0x0000000082600000, 0x0000000082500000| Untracked 
|   8|0x0000000082600000, 0x0000000082700000, 0x0000000082700000|100%| O|  |TAMS 0x0000000082700000, 0x0000000082600000| Untracked 
|   9|0x0000000082700000, 0x0000000082800000, 0x0000000082800000|100%| O|  |TAMS 0x0000000082800000, 0x0000000082700000| Untracked 
|  10|0x0000000082800000, 0x0000000082900000, 0x0000000082900000|100%| O|  |TAMS 0x0000000082900000, 0x0000000082800000| Untracked 
|  11|0x0000000082900000, 0x0000000082a00000, 0x0000000082a00000|100%| O|  |TAMS 0x0000000082924000, 0x0000000082900000| Untracked 
|  12|0x0000000082a00000, 0x0000000082b00000, 0x0000000082b00000|100%| O|  |TAMS 0x0000000082a00000, 0x0000000082a00000| Untracked 
|  13|0x0000000082b00000, 0x0000000082c00000, 0x0000000082c00000|100%| O|  |TAMS 0x0000000082b00000, 0x0000000082b00000| Untracked 
|  14|0x0000000082c00000, 0x0000000082c38800, 0x0000000082d00000| 22%| O|  |TAMS 0x0000000082c00000, 0x0000000082c00000| Untracked 
|  15|0x0000000082d00000, 0x0000000082d00000, 0x0000000082e00000|  0%| F|  |TAMS 0x0000000082d00000, 0x0000000082d00000| Untracked 
|  16|0x0000000082e00000, 0x0000000082e00000, 0x0000000082f00000|  0%| F|  |TAMS 0x0000000082e00000, 0x0000000082e00000| Untracked 
|  17|0x0000000082f00000, 0x0000000082f00000, 0x0000000083000000|  0%| F|  |TAMS 0x0000000082f00000, 0x0000000082f00000| Untracked 
|  18|0x0000000083000000, 0x0000000083000000, 0x0000000083100000|  0%| F|  |TAMS 0x0000000083000000, 0x0000000083000000| Untracked 
|  19|0x0000000083100000, 0x0000000083100000, 0x0000000083200000|  0%| F|  |TAMS 0x0000000083100000, 0x0000000083100000| Untracked 
|  20|0x0000000083200000, 0x0000000083200000, 0x0000000083300000|  0%| F|  |TAMS 0x0000000083200000, 0x0000000083200000| Untracked 
|  21|0x0000000083300000, 0x0000000083300000, 0x0000000083400000|  0%| F|  |TAMS 0x0000000083300000, 0x0000000083300000| Untracked 
|  22|0x0000000083400000, 0x0000000083400000, 0x0000000083500000|  0%| F|  |TAMS 0x0000000083400000, 0x0000000083400000| Untracked 
|  23|0x0000000083500000, 0x0000000083500000, 0x0000000083600000|  0%| F|  |TAMS 0x0000000083500000, 0x0000000083500000| Untracked 
|  24|0x0000000083600000, 0x0000000083600000, 0x0000000083700000|  0%| F|  |TAMS 0x0000000083600000, 0x0000000083600000| Untracked 
|  25|0x0000000083700000, 0x0000000083700000, 0x0000000083800000|  0%| F|  |TAMS 0x0000000083700000, 0x0000000083700000| Untracked 
|  26|0x0000000083800000, 0x0000000083800000, 0x0000000083900000|  0%| F|  |TAMS 0x0000000083800000, 0x0000000083800000| Untracked 
|  27|0x0000000083900000, 0x0000000083900000, 0x0000000083a00000|  0%| F|  |TAMS 0x0000000083900000, 0x0000000083900000| Untracked 
|  28|0x0000000083a00000, 0x0000000083a00000, 0x0000000083b00000|  0%| F|  |TAMS 0x0000000083a00000, 0x0000000083a00000| Untracked 
|  29|0x0000000083b00000, 0x0000000083b00000, 0x0000000083c00000|  0%| F|  |TAMS 0x0000000083b00000, 0x0000000083b00000| Untracked 
|  30|0x0000000083c00000, 0x0000000083c00000, 0x0000000083d00000|  0%| F|  |TAMS 0x0000000083c00000, 0x0000000083c00000| Untracked 
|  31|0x0000000083d00000, 0x0000000083d00000, 0x0000000083e00000|  0%| F|  |TAMS 0x0000000083d00000, 0x0000000083d00000| Untracked 
|  32|0x0000000083e00000, 0x0000000083e00000, 0x0000000083f00000|  0%| F|  |TAMS 0x0000000083e00000, 0x0000000083e00000| Untracked 
|  33|0x0000000083f00000, 0x0000000083f00000, 0x0000000084000000|  0%| F|  |TAMS 0x0000000083f00000, 0x0000000083f00000| Untracked 
|  34|0x0000000084000000, 0x0000000084000000, 0x0000000084100000|  0%| F|  |TAMS 0x0000000084000000, 0x0000000084000000| Untracked 
|  35|0x0000000084100000, 0x0000000084100000, 0x0000000084200000|  0%| F|  |TAMS 0x0000000084100000, 0x0000000084100000| Untracked 
|  36|0x0000000084200000, 0x0000000084200000, 0x0000000084300000|  0%| F|  |TAMS 0x0000000084200000, 0x0000000084200000| Untracked 
|  37|0x0000000084300000, 0x0000000084300000, 0x0000000084400000|  0%| F|  |TAMS 0x0000000084300000, 0x0000000084300000| Untracked 
|  38|0x0000000084400000, 0x0000000084400000, 0x0000000084500000|  0%| F|  |TAMS 0x0000000084400000, 0x0000000084400000| Untracked 
|  39|0x0000000084500000, 0x0000000084500000, 0x0000000084600000|  0%| F|  |TAMS 0x0000000084500000, 0x0000000084500000| Untracked 
|  40|0x0000000084600000, 0x0000000084600000, 0x0000000084700000|  0%| F|  |TAMS 0x0000000084600000, 0x0000000084600000| Untracked 
|  41|0x0000000084700000, 0x0000000084700000, 0x0000000084800000|  0%| F|  |TAMS 0x0000000084700000, 0x0000000084700000| Untracked 
|  42|0x0000000084800000, 0x0000000084800000, 0x0000000084900000|  0%| F|  |TAMS 0x0000000084800000, 0x0000000084800000| Untracked 
|  43|0x0000000084900000, 0x0000000084900000, 0x0000000084a00000|  0%| F|  |TAMS 0x0000000084900000, 0x0000000084900000| Untracked 
|  44|0x0000000084a00000, 0x0000000084a00000, 0x0000000084b00000|  0%| F|  |TAMS 0x0000000084a00000, 0x0000000084a00000| Untracked 
|  45|0x0000000084b00000, 0x0000000084b00000, 0x0000000084c00000|  0%| F|  |TAMS 0x0000000084b00000, 0x0000000084b00000| Untracked 
|  46|0x0000000084c00000, 0x0000000084c00000, 0x0000000084d00000|  0%| F|  |TAMS 0x0000000084c00000, 0x0000000084c00000| Untracked 
|  47|0x0000000084d00000, 0x0000000084d00000, 0x0000000084e00000|  0%| F|  |TAMS 0x0000000084d00000, 0x0000000084d00000| Untracked 
|  48|0x0000000084e00000, 0x0000000084e00000, 0x0000000084f00000|  0%| F|  |TAMS 0x0000000084e00000, 0x0000000084e00000| Untracked 
|  49|0x0000000084f00000, 0x0000000084f00000, 0x0000000085000000|  0%| F|  |TAMS 0x0000000084f00000, 0x0000000084f00000| Untracked 
|  50|0x0000000085000000, 0x0000000085000000, 0x0000000085100000|  0%| F|  |TAMS 0x0000000085000000, 0x0000000085000000| Untracked 
|  51|0x0000000085100000, 0x0000000085100000, 0x0000000085200000|  0%| F|  |TAMS 0x0000000085100000, 0x0000000085100000| Untracked 
|  52|0x0000000085200000, 0x000000008525bc80, 0x0000000085300000| 35%| S|CS|TAMS 0x0000000085200000, 0x0000000085200000| Complete 
|  53|0x0000000085300000, 0x0000000085300000, 0x0000000085400000|  0%| F|  |TAMS 0x0000000085300000, 0x0000000085300000| Untracked 
|  54|0x0000000085400000, 0x0000000085400000, 0x0000000085500000|  0%| F|  |TAMS 0x0000000085400000, 0x0000000085400000| Untracked 
|  55|0x0000000085500000, 0x0000000085500000, 0x0000000085600000|  0%| F|  |TAMS 0x0000000085500000, 0x0000000085500000| Untracked 
|  56|0x0000000085600000, 0x0000000085600000, 0x0000000085700000|  0%| F|  |TAMS 0x0000000085600000, 0x0000000085600000| Untracked 
|  57|0x0000000085700000, 0x0000000085700000, 0x0000000085800000|  0%| F|  |TAMS 0x0000000085700000, 0x0000000085700000| Untracked 
|  58|0x0000000085800000, 0x0000000085800000, 0x0000000085900000|  0%| F|  |TAMS 0x0000000085800000, 0x0000000085800000| Untracked 
|  59|0x0000000085900000, 0x0000000085900000, 0x0000000085a00000|  0%| F|  |TAMS 0x0000000085900000, 0x0000000085900000| Untracked 
|  60|0x0000000085a00000, 0x0000000085a00000, 0x0000000085b00000|  0%| F|  |TAMS 0x0000000085a00000, 0x0000000085a00000| Untracked 
|  61|0x0000000085b00000, 0x0000000085c00000, 0x0000000085c00000|100%| S|CS|TAMS 0x0000000085b00000, 0x0000000085b00000| Complete 
|  62|0x0000000085c00000, 0x0000000085d00000, 0x0000000085d00000|100%| S|CS|TAMS 0x0000000085c00000, 0x0000000085c00000| Complete 
|  63|0x0000000085d00000, 0x0000000085e00000, 0x0000000085e00000|100%| S|CS|TAMS 0x0000000085d00000, 0x0000000085d00000| Complete 
|  64|0x0000000085e00000, 0x0000000085f00000, 0x0000000085f00000|100%| S|CS|TAMS 0x0000000085e00000, 0x0000000085e00000| Complete 
|  65|0x0000000085f00000, 0x0000000086000000, 0x0000000086000000|100%| S|CS|TAMS 0x0000000085f00000, 0x0000000085f00000| Complete 
|  66|0x0000000086000000, 0x0000000086100000, 0x0000000086100000|100%| S|CS|TAMS 0x0000000086000000, 0x0000000086000000| Complete 
|  67|0x0000000086100000, 0x0000000086100000, 0x0000000086200000|  0%| F|  |TAMS 0x0000000086100000, 0x0000000086100000| Untracked 
|  68|0x0000000086200000, 0x0000000086300000, 0x0000000086300000|100%| S|CS|TAMS 0x0000000086200000, 0x0000000086200000| Complete 
|  69|0x0000000086300000, 0x0000000086400000, 0x0000000086400000|100%| S|CS|TAMS 0x0000000086300000, 0x0000000086300000| Complete 
|  70|0x0000000086400000, 0x0000000086500000, 0x0000000086500000|100%| S|CS|TAMS 0x0000000086400000, 0x0000000086400000| Complete 
|  71|0x0000000086500000, 0x0000000086500000, 0x0000000086600000|  0%| F|  |TAMS 0x0000000086500000, 0x0000000086500000| Untracked 
|  72|0x0000000086600000, 0x0000000086600000, 0x0000000086700000|  0%| F|  |TAMS 0x0000000086600000, 0x0000000086600000| Untracked 
|  73|0x0000000086700000, 0x0000000086700000, 0x0000000086800000|  0%| F|  |TAMS 0x0000000086700000, 0x0000000086700000| Untracked 
|  74|0x0000000086800000, 0x0000000086800000, 0x0000000086900000|  0%| F|  |TAMS 0x0000000086800000, 0x0000000086800000| Untracked 
|  75|0x0000000086900000, 0x0000000086900000, 0x0000000086a00000|  0%| F|  |TAMS 0x0000000086900000, 0x0000000086900000| Untracked 
|  76|0x0000000086a00000, 0x0000000086a00000, 0x0000000086b00000|  0%| F|  |TAMS 0x0000000086a00000, 0x0000000086a00000| Untracked 
|  77|0x0000000086b00000, 0x0000000086b00000, 0x0000000086c00000|  0%| F|  |TAMS 0x0000000086b00000, 0x0000000086b00000| Untracked 
|  78|0x0000000086c00000, 0x0000000086c00000, 0x0000000086d00000|  0%| F|  |TAMS 0x0000000086c00000, 0x0000000086c00000| Untracked 
|  79|0x0000000086d00000, 0x0000000086d00000, 0x0000000086e00000|  0%| F|  |TAMS 0x0000000086d00000, 0x0000000086d00000| Untracked 
|  80|0x0000000086e00000, 0x0000000086e00000, 0x0000000086f00000|  0%| F|  |TAMS 0x0000000086e00000, 0x0000000086e00000| Untracked 
|  81|0x0000000086f00000, 0x0000000086f00000, 0x0000000087000000|  0%| F|  |TAMS 0x0000000086f00000, 0x0000000086f00000| Untracked 
|  82|0x0000000087000000, 0x0000000087000000, 0x0000000087100000|  0%| F|  |TAMS 0x0000000087000000, 0x0000000087000000| Untracked 
|  83|0x0000000087100000, 0x0000000087100000, 0x0000000087200000|  0%| F|  |TAMS 0x0000000087100000, 0x0000000087100000| Untracked 
|  84|0x0000000087200000, 0x0000000087200000, 0x0000000087300000|  0%| F|  |TAMS 0x0000000087200000, 0x0000000087200000| Untracked 
|  85|0x0000000087300000, 0x0000000087300000, 0x0000000087400000|  0%| F|  |TAMS 0x0000000087300000, 0x0000000087300000| Untracked 
|  86|0x0000000087400000, 0x0000000087400000, 0x0000000087500000|  0%| F|  |TAMS 0x0000000087400000, 0x0000000087400000| Untracked 
|  87|0x0000000087500000, 0x0000000087500000, 0x0000000087600000|  0%| F|  |TAMS 0x0000000087500000, 0x0000000087500000| Untracked 
|  88|0x0000000087600000, 0x0000000087600000, 0x0000000087700000|  0%| F|  |TAMS 0x0000000087600000, 0x0000000087600000| Untracked 
|  89|0x0000000087700000, 0x0000000087700000, 0x0000000087800000|  0%| F|  |TAMS 0x0000000087700000, 0x0000000087700000| Untracked 
|  90|0x0000000087800000, 0x0000000087800000, 0x0000000087900000|  0%| F|  |TAMS 0x0000000087800000, 0x0000000087800000| Untracked 
|  91|0x0000000087900000, 0x0000000087900000, 0x0000000087a00000|  0%| F|  |TAMS 0x0000000087900000, 0x0000000087900000| Untracked 
|  92|0x0000000087a00000, 0x0000000087a00000, 0x0000000087b00000|  0%| F|  |TAMS 0x0000000087a00000, 0x0000000087a00000| Untracked 
|  93|0x0000000087b00000, 0x0000000087b00000, 0x0000000087c00000|  0%| F|  |TAMS 0x0000000087b00000, 0x0000000087b00000| Untracked 
|  94|0x0000000087c00000, 0x0000000087c00000, 0x0000000087d00000|  0%| F|  |TAMS 0x0000000087c00000, 0x0000000087c00000| Untracked 
|  95|0x0000000087d00000, 0x0000000087d00000, 0x0000000087e00000|  0%| F|  |TAMS 0x0000000087d00000, 0x0000000087d00000| Untracked 
|  96|0x0000000087e00000, 0x0000000087e00000, 0x0000000087f00000|  0%| F|  |TAMS 0x0000000087e00000, 0x0000000087e00000| Untracked 
|  97|0x0000000087f00000, 0x0000000087f00000, 0x0000000088000000|  0%| F|  |TAMS 0x0000000087f00000, 0x0000000087f00000| Untracked 
|  98|0x0000000088000000, 0x0000000088000000, 0x0000000088100000|  0%| F|  |TAMS 0x0000000088000000, 0x0000000088000000| Untracked 
|  99|0x0000000088100000, 0x0000000088100000, 0x0000000088200000|  0%| F|  |TAMS 0x0000000088100000, 0x0000000088100000| Untracked 
| 100|0x0000000088200000, 0x0000000088200000, 0x0000000088300000|  0%| F|  |TAMS 0x0000000088200000, 0x0000000088200000| Untracked 
| 101|0x0000000088300000, 0x0000000088300000, 0x0000000088400000|  0%| F|  |TAMS 0x0000000088300000, 0x0000000088300000| Untracked 
| 102|0x0000000088400000, 0x0000000088400000, 0x0000000088500000|  0%| F|  |TAMS 0x0000000088400000, 0x0000000088400000| Untracked 
| 103|0x0000000088500000, 0x0000000088500000, 0x0000000088600000|  0%| F|  |TAMS 0x0000000088500000, 0x0000000088500000| Untracked 
| 104|0x0000000088600000, 0x0000000088600000, 0x0000000088700000|  0%| F|  |TAMS 0x0000000088600000, 0x0000000088600000| Untracked 
| 105|0x0000000088700000, 0x0000000088700000, 0x0000000088800000|  0%| F|  |TAMS 0x0000000088700000, 0x0000000088700000| Untracked 
| 106|0x0000000088800000, 0x0000000088800000, 0x0000000088900000|  0%| F|  |TAMS 0x0000000088800000, 0x0000000088800000| Untracked 
| 107|0x0000000088900000, 0x0000000088900000, 0x0000000088a00000|  0%| F|  |TAMS 0x0000000088900000, 0x0000000088900000| Untracked 
| 108|0x0000000088a00000, 0x0000000088a00000, 0x0000000088b00000|  0%| F|  |TAMS 0x0000000088a00000, 0x0000000088a00000| Untracked 
| 109|0x0000000088b00000, 0x0000000088b00000, 0x0000000088c00000|  0%| F|  |TAMS 0x0000000088b00000, 0x0000000088b00000| Untracked 
| 110|0x0000000088c00000, 0x0000000088c00000, 0x0000000088d00000|  0%| F|  |TAMS 0x0000000088c00000, 0x0000000088c00000| Untracked 
| 111|0x0000000088d00000, 0x0000000088d00000, 0x0000000088e00000|  0%| F|  |TAMS 0x0000000088d00000, 0x0000000088d00000| Untracked 
| 112|0x0000000088e00000, 0x0000000088e00000, 0x0000000088f00000|  0%| F|  |TAMS 0x0000000088e00000, 0x0000000088e00000| Untracked 
| 113|0x0000000088f00000, 0x0000000088f00000, 0x0000000089000000|  0%| F|  |TAMS 0x0000000088f00000, 0x0000000088f00000| Untracked 
| 114|0x0000000089000000, 0x0000000089000000, 0x0000000089100000|  0%| F|  |TAMS 0x0000000089000000, 0x0000000089000000| Untracked 
| 115|0x0000000089100000, 0x0000000089100000, 0x0000000089200000|  0%| F|  |TAMS 0x0000000089100000, 0x0000000089100000| Untracked 
| 116|0x0000000089200000, 0x0000000089200000, 0x0000000089300000|  0%| F|  |TAMS 0x0000000089200000, 0x0000000089200000| Untracked 
| 117|0x0000000089300000, 0x0000000089300000, 0x0000000089400000|  0%| F|  |TAMS 0x0000000089300000, 0x0000000089300000| Untracked 
| 118|0x0000000089400000, 0x0000000089400000, 0x0000000089500000|  0%| F|  |TAMS 0x0000000089400000, 0x0000000089400000| Untracked 
| 119|0x0000000089500000, 0x0000000089500000, 0x0000000089600000|  0%| F|  |TAMS 0x0000000089500000, 0x0000000089500000| Untracked 
| 120|0x0000000089600000, 0x0000000089600000, 0x0000000089700000|  0%| F|  |TAMS 0x0000000089600000, 0x0000000089600000| Untracked 
| 121|0x0000000089700000, 0x0000000089700000, 0x0000000089800000|  0%| F|  |TAMS 0x0000000089700000, 0x0000000089700000| Untracked 
| 122|0x0000000089800000, 0x0000000089800000, 0x0000000089900000|  0%| F|  |TAMS 0x0000000089800000, 0x0000000089800000| Untracked 
| 123|0x0000000089900000, 0x0000000089900000, 0x0000000089a00000|  0%| F|  |TAMS 0x0000000089900000, 0x0000000089900000| Untracked 
| 124|0x0000000089a00000, 0x0000000089a00000, 0x0000000089b00000|  0%| F|  |TAMS 0x0000000089a00000, 0x0000000089a00000| Untracked 
| 125|0x0000000089b00000, 0x0000000089b00000, 0x0000000089c00000|  0%| F|  |TAMS 0x0000000089b00000, 0x0000000089b00000| Untracked 
| 126|0x0000000089c00000, 0x0000000089c00000, 0x0000000089d00000|  0%| F|  |TAMS 0x0000000089c00000, 0x0000000089c00000| Untracked 
| 127|0x0000000089d00000, 0x0000000089d00000, 0x0000000089e00000|  0%| F|  |TAMS 0x0000000089d00000, 0x0000000089d00000| Untracked 
| 128|0x0000000089e00000, 0x0000000089e00000, 0x0000000089f00000|  0%| F|  |TAMS 0x0000000089e00000, 0x0000000089e00000| Untracked 
| 129|0x0000000089f00000, 0x0000000089f00000, 0x000000008a000000|  0%| F|  |TAMS 0x0000000089f00000, 0x0000000089f00000| Untracked 
| 130|0x000000008a000000, 0x000000008a000000, 0x000000008a100000|  0%| F|  |TAMS 0x000000008a000000, 0x000000008a000000| Untracked 
| 131|0x000000008a100000, 0x000000008a100000, 0x000000008a200000|  0%| F|  |TAMS 0x000000008a100000, 0x000000008a100000| Untracked 
| 132|0x000000008a200000, 0x000000008a200000, 0x000000008a300000|  0%| F|  |TAMS 0x000000008a200000, 0x000000008a200000| Untracked 
| 133|0x000000008a300000, 0x000000008a300000, 0x000000008a400000|  0%| F|  |TAMS 0x000000008a300000, 0x000000008a300000| Untracked 
| 134|0x000000008a400000, 0x000000008a400000, 0x000000008a500000|  0%| F|  |TAMS 0x000000008a400000, 0x000000008a400000| Untracked 
| 135|0x000000008a500000, 0x000000008a500000, 0x000000008a600000|  0%| F|  |TAMS 0x000000008a500000, 0x000000008a500000| Untracked 
| 136|0x000000008a600000, 0x000000008a6c0470, 0x000000008a700000| 75%| E|  |TAMS 0x000000008a600000, 0x000000008a600000| Complete 
| 137|0x000000008a700000, 0x000000008a800000, 0x000000008a800000|100%| E|CS|TAMS 0x000000008a700000, 0x000000008a700000| Complete 
| 138|0x000000008a800000, 0x000000008a900000, 0x000000008a900000|100%| E|CS|TAMS 0x000000008a800000, 0x000000008a800000| Complete 
| 139|0x000000008a900000, 0x000000008aa00000, 0x000000008aa00000|100%| E|CS|TAMS 0x000000008a900000, 0x000000008a900000| Complete 
| 140|0x000000008aa00000, 0x000000008ab00000, 0x000000008ab00000|100%| E|CS|TAMS 0x000000008aa00000, 0x000000008aa00000| Complete 
| 141|0x000000008ab00000, 0x000000008ac00000, 0x000000008ac00000|100%| E|CS|TAMS 0x000000008ab00000, 0x000000008ab00000| Complete 
| 142|0x000000008ac00000, 0x000000008ad00000, 0x000000008ad00000|100%| E|CS|TAMS 0x000000008ac00000, 0x000000008ac00000| Complete 
| 143|0x000000008ad00000, 0x000000008ae00000, 0x000000008ae00000|100%| E|CS|TAMS 0x000000008ad00000, 0x000000008ad00000| Complete 
| 144|0x000000008ae00000, 0x000000008af00000, 0x000000008af00000|100%| E|CS|TAMS 0x000000008ae00000, 0x000000008ae00000| Complete 
| 145|0x000000008af00000, 0x000000008b000000, 0x000000008b000000|100%| E|CS|TAMS 0x000000008af00000, 0x000000008af00000| Complete 
| 146|0x000000008b000000, 0x000000008b100000, 0x000000008b100000|100%| E|CS|TAMS 0x000000008b000000, 0x000000008b000000| Complete 
| 147|0x000000008b100000, 0x000000008b200000, 0x000000008b200000|100%| E|CS|TAMS 0x000000008b100000, 0x000000008b100000| Complete 
| 148|0x000000008b200000, 0x000000008b300000, 0x000000008b300000|100%| E|CS|TAMS 0x000000008b200000, 0x000000008b200000| Complete 
| 149|0x000000008b300000, 0x000000008b400000, 0x000000008b400000|100%| E|CS|TAMS 0x000000008b300000, 0x000000008b300000| Complete 
| 150|0x000000008b400000, 0x000000008b500000, 0x000000008b500000|100%| E|CS|TAMS 0x000000008b400000, 0x000000008b400000| Complete 
| 151|0x000000008b500000, 0x000000008b600000, 0x000000008b600000|100%| E|CS|TAMS 0x000000008b500000, 0x000000008b500000| Complete 
| 152|0x000000008b600000, 0x000000008b700000, 0x000000008b700000|100%| E|CS|TAMS 0x000000008b600000, 0x000000008b600000| Complete 
| 153|0x000000008b700000, 0x000000008b800000, 0x000000008b800000|100%| E|  |TAMS 0x000000008b700000, 0x000000008b700000| Complete 

Card table byte_map: [0x0000026cc3f70000,0x0000026cc4370000] _byte_map_base: 0x0000026cc3b61000

Marking Bits (Prev, Next): (CMBitMap*) 0x0000026cac3ed218, (CMBitMap*) 0x0000026cac3ed250
 Prev Bits: [0x0000026cc4770000, 0x0000026cc66f8000)
 Next Bits: [0x0000026cc6700000, 0x0000026cc8688000)

Polling page: 0x0000026caa3a0000

Metaspace:

Usage:
  Non-class:     46.98 MB capacity,    46.25 MB ( 98%) used,   587.34 KB (  1%) free+waste,   163.00 KB ( <1%) overhead. 
      Class:      6.95 MB capacity,     6.43 MB ( 93%) used,   449.34 KB (  6%) free+waste,    77.00 KB (  1%) overhead. 
       Both:     53.93 MB capacity,    52.68 MB ( 98%) used,     1.01 MB (  2%) free+waste,   240.00 KB ( <1%) overhead. 

Virtual space:
  Non-class space:       48.00 MB reserved,      47.20 MB ( 98%) committed 
      Class space:        1.00 GB reserved,       7.00 MB ( <1%) committed 
             Both:        1.05 GB reserved,      54.20 MB (  5%) committed 

Chunk freelists:
   Non-Class:  3.50 KB
       Class:  2.75 KB
        Both:  6.25 KB

CodeHeap 'non-profiled nmethods': size=120000Kb used=2907Kb max_used=2907Kb free=117093Kb
 bounds [0x0000026cbc310000, 0x0000026cbc5f0000, 0x0000026cc3840000]
CodeHeap 'profiled nmethods': size=120000Kb used=11456Kb max_used=11456Kb free=108543Kb
 bounds [0x0000026cb4de0000, 0x0000026cb5920000, 0x0000026cbc310000]
CodeHeap 'non-nmethods': size=5760Kb used=1180Kb max_used=1235Kb free=4579Kb
 bounds [0x0000026cb4840000, 0x0000026cb4ab0000, 0x0000026cb4de0000]
 total_blobs=5254 nmethods=4718 adapters=446
 compilation: enabled
              stopped_count=0, restarted_count=0
 full_count=0

Compilation events (10 events):
Event: 19.330 Thread 0x0000026ccb103000 nmethod 4749 0x0000026cb58f3e90 code [0x0000026cb58f4040, 0x0000026cb58f4188]
Event: 19.386 Thread 0x0000026ccb103000 4750       3       java.lang.StringCoding::hasNegatives (25 bytes)
Event: 19.387 Thread 0x0000026ccb103000 nmethod 4750 0x0000026cb58f4210 code [0x0000026cb58f43c0, 0x0000026cb58f45d8]
Event: 19.390 Thread 0x0000026ccb0f6800 nmethod 4747 0x0000026cbc5e2910 code [0x0000026cbc5e2b20, 0x0000026cbc5e3cf0]
Event: 19.390 Thread 0x0000026ccb0f6800 4748 %     4       java.util.Properties::load0 @ 29 (249 bytes)
Event: 19.409 Thread 0x0000026ccb0f6800 nmethod 4748% 0x0000026cbc5e4890 code [0x0000026cbc5e4a80, 0x0000026cbc5e54d0]
Event: 19.409 Thread 0x0000026ccb0f6800 4646       4       java.util.concurrent.ConcurrentHashMap::put (8 bytes)
Event: 19.410 Thread 0x0000026ccb0f6800 nmethod 4646 0x0000026cbc5e5a90 code [0x0000026cbc5e5c20, 0x0000026cbc5e5ca8]
Event: 19.410 Thread 0x0000026ccb0f6800 4741       4       java.util.concurrent.CopyOnWriteArrayList::size (6 bytes)
Event: 19.411 Thread 0x0000026ccb0f6800 nmethod 4741 0x0000026cbc5e5d90 code [0x0000026cbc5e5f20, 0x0000026cbc5e5f98]

GC Heap History (10 events):
Event: 7.657 GC heap before
{Heap before GC invocations=4 (full 0):
 garbage-first heap   total 131072K, used 85324K [0x0000000081e00000, 0x0000000100000000)
  region size 1024K, 76 young (77824K), 6 survivors (6144K)
 Metaspace       used 33874K, capacity 34841K, committed 35072K, reserved 1079296K
  class space    used 4111K, capacity 4489K, committed 4608K, reserved 1048576K
}
Event: 7.673 GC heap after
{Heap after GC invocations=5 (full 0):
 garbage-first heap   total 131072K, used 15430K [0x0000000081e00000, 0x0000000100000000)
  region size 1024K, 4 young (4096K), 4 survivors (4096K)
 Metaspace       used 33874K, capacity 34841K, committed 35072K, reserved 1079296K
  class space    used 4111K, capacity 4489K, committed 4608K, reserved 1048576K
}
Event: 10.062 GC heap before
{Heap before GC invocations=5 (full 0):
 garbage-first heap   total 131072K, used 27718K [0x0000000081e00000, 0x0000000100000000)
  region size 1024K, 17 young (17408K), 4 survivors (4096K)
 Metaspace       used 34856K, capacity 35818K, committed 35840K, reserved 1081344K
  class space    used 4219K, capacity 4603K, committed 4608K, reserved 1048576K
}
Event: 10.072 GC heap after
{Heap after GC invocations=6 (full 0):
 garbage-first heap   total 157696K, used 15688K [0x0000000081e00000, 0x0000000100000000)
  region size 1024K, 5 young (5120K), 5 survivors (5120K)
 Metaspace       used 34856K, capacity 35818K, committed 35840K, reserved 1081344K
  class space    used 4219K, capacity 4603K, committed 4608K, reserved 1048576K
}
Event: 11.000 GC heap before
{Heap before GC invocations=7 (full 0):
 garbage-first heap   total 157696K, used 98632K [0x0000000081e00000, 0x0000000100000000)
  region size 1024K, 87 young (89088K), 5 survivors (5120K)
 Metaspace       used 36519K, capacity 37494K, committed 37580K, reserved 1081344K
  class space    used 4377K, capacity 4788K, committed 4864K, reserved 1048576K
}
Event: 11.014 GC heap after
{Heap after GC invocations=8 (full 0):
 garbage-first heap   total 157696K, used 17300K [0x0000000081e00000, 0x0000000100000000)
  region size 1024K, 6 young (6144K), 6 survivors (6144K)
 Metaspace       used 36519K, capacity 37494K, committed 37580K, reserved 1081344K
  class space    used 4377K, capacity 4788K, committed 4864K, reserved 1048576K
}
Event: 14.534 GC heap before
{Heap before GC invocations=8 (full 0):
 garbage-first heap   total 157696K, used 105364K [0x0000000081e00000, 0x0000000100000000)
  region size 1024K, 92 young (94208K), 6 survivors (6144K)
 Metaspace       used 42613K, capacity 43760K, committed 43980K, reserved 1087488K
  class space    used 5321K, capacity 5795K, committed 5888K, reserved 1048576K
}
Event: 14.555 GC heap after
{Heap after GC invocations=9 (full 0):
 garbage-first heap   total 157696K, used 19949K [0x0000000081e00000, 0x0000000100000000)
  region size 1024K, 9 young (9216K), 9 survivors (9216K)
 Metaspace       used 42613K, capacity 43760K, committed 43980K, reserved 1087488K
  class space    used 5321K, capacity 5795K, committed 5888K, reserved 1048576K
}
Event: 19.113 GC heap before
{Heap before GC invocations=9 (full 0):
 garbage-first heap   total 157696K, used 103917K [0x0000000081e00000, 0x0000000100000000)
  region size 1024K, 92 young (94208K), 9 survivors (9216K)
 Metaspace       used 51915K, capacity 53231K, committed 53452K, reserved 1095680K
  class space    used 6320K, capacity 6854K, committed 6912K, reserved 1048576K
}
Event: 19.134 GC heap after
{Heap after GC invocations=10 (full 0):
 garbage-first heap   total 157696K, used 24145K [0x0000000081e00000, 0x0000000100000000)
  region size 1024K, 10 young (10240K), 10 survivors (10240K)
 Metaspace       used 51915K, capacity 53231K, committed 53452K, reserved 1095680K
  class space    used 6320K, capacity 6854K, committed 6912K, reserved 1048576K
}

Deoptimization events (10 events):
Event: 18.480 Thread 0x0000026cac3af800 Uncommon trap: reason=unstable_fused_if action=reinterpret pc=0x0000026cbc3a8a3c method=java.io.WinNTFileSystem.isLetter(C)Z @ 3 c2
Event: 18.480 Thread 0x0000026cac3af800 Uncommon trap: reason=unstable_if action=reinterpret pc=0x0000026cbc489600 method=java.io.WinNTFileSystem.isLetter(C)Z @ 3 c2
Event: 18.828 Thread 0x0000026cac3af800 Uncommon trap: reason=unstable_if action=reinterpret pc=0x0000026cbc394804 method=java.lang.String.regionMatches(ZILjava/lang/String;II)Z @ 1 c2
Event: 19.010 Thread 0x0000026cac3af800 Uncommon trap: reason=unstable_if action=reinterpret pc=0x0000026cbc5caabc method=java.util.zip.ZipFile$Source.getEntryPos([BZ)I @ 145 c2
Event: 19.010 Thread 0x0000026cac3af800 Uncommon trap: reason=unstable_if action=reinterpret pc=0x0000026cbc4a18f8 method=java.net.URL.<init>(Ljava/net/URL;Ljava/lang/String;Ljava/net/URLStreamHandler;)V @ 57 c2
Event: 19.010 Thread 0x0000026cac3af800 Uncommon trap: reason=unstable_if action=reinterpret pc=0x0000026cbc4ae4f0 method=java.net.URLStreamHandler.parseURL(Ljava/net/URL;Ljava/lang/String;II)V @ 57 c2
Event: 19.325 Thread 0x0000026cac3af800 Uncommon trap: reason=predicate action=maybe_recompile pc=0x0000026cbc44c2c4 method=java.util.Properties$LineReader.readLine()I @ 209 c2
Event: 19.325 Thread 0x0000026cac3af800 Uncommon trap: reason=unstable_if action=reinterpret pc=0x0000026cbc382e9c method=java.util.Properties$LineReader.readLine()I @ 117 c2
Event: 19.326 Thread 0x0000026cac3af800 Uncommon trap: reason=unstable_if action=reinterpret pc=0x0000026cbc3c423c method=java.nio.Buffer.position(I)Ljava/nio/Buffer; @ 37 c2
Event: 19.328 Thread 0x0000026cac3af800 Uncommon trap: reason=unstable_if action=reinterpret pc=0x0000026cbc3e373c method=java.nio.Buffer.position(I)Ljava/nio/Buffer; @ 37 c2

Classes redefined (0 events):
No events

Internal exceptions (10 events):
Event: 19.184 Thread 0x0000026cac3af800 Exception <a 'java/lang/ClassNotFoundException'{0x000000008b6ece78}: java/lang/ObjectCustomizer> (0x000000008b6ece78) thrown at [./open/src/hotspot/share/classfile/systemDictionary.cpp, line 228]
Event: 19.186 Thread 0x0000026cac3af800 Exception <a 'java/lang/ClassNotFoundException'{0x000000008b51f530}: org/springframework/boot/autoconfigure/websocket/servlet/WebSocketServletAutoConfiguration$TomcatWebSocketConfigurationCustomizer> (0x000000008b51f530) thrown at [./open/src/hotspot/shar
Event: 19.202 Thread 0x0000026cac3af800 Exception <a 'java/lang/ClassNotFoundException'{0x000000008b568a88}: java/lang/ObjectCustomizer> (0x000000008b568a88) thrown at [./open/src/hotspot/share/classfile/systemDictionary.cpp, line 228]
Event: 19.204 Thread 0x0000026cac3af800 Exception <a 'java/lang/ClassNotFoundException'{0x000000008b408a00}: org/springframework/boot/autoconfigure/websocket/servlet/TomcatWebSocketServletWebServerCustomizerCustomizer> (0x000000008b408a00) thrown at [./open/src/hotspot/share/classfile/systemDic
Event: 19.207 Thread 0x0000026cac3af800 Exception <a 'java/lang/ClassNotFoundException'{0x000000008b42dbd0}: org/springframework/boot/web/server/WebServerFactoryCustomizerCustomizer> (0x000000008b42dbd0) thrown at [./open/src/hotspot/share/classfile/systemDictionary.cpp, line 228]
Event: 19.211 Thread 0x0000026cac3af800 Exception <a 'java/lang/ClassNotFoundException'{0x000000008b447df0}: org/springframework/core/OrderedCustomizer> (0x000000008b447df0) thrown at [./open/src/hotspot/share/classfile/systemDictionary.cpp, line 228]
Event: 19.217 Thread 0x0000026cac3af800 Exception <a 'java/lang/ClassNotFoundException'{0x000000008b47c088}: java/lang/ObjectCustomizer> (0x000000008b47c088) thrown at [./open/src/hotspot/share/classfile/systemDictionary.cpp, line 228]
Event: 19.219 Thread 0x0000026cac3af800 Exception <a 'java/lang/ClassNotFoundException'{0x000000008b31ae10}: org/springframework/boot/autoconfigure/websocket/servlet/WebSocketServletAutoConfigurationCustomizer> (0x000000008b31ae10) thrown at [./open/src/hotspot/share/classfile/systemDictionary.
Event: 19.223 Thread 0x0000026cac3af800 Exception <a 'java/lang/ClassNotFoundException'{0x000000008b33f7f0}: java/lang/ObjectCustomizer> (0x000000008b33f7f0) thrown at [./open/src/hotspot/share/classfile/systemDictionary.cpp, line 228]
Event: 19.230 Thread 0x0000026cac3af800 Exception <a 'java/lang/ClassNotFoundException'{0x000000008b36d7d8}: org/springframework/boot/autoconfigure/web/servlet/ServletWebServerFactoryConfiguration$EmbeddedTomcatCustomizer> (0x000000008b36d7d8) thrown at [./open/src/hotspot/share/classfile/syste

Events (10 events):
Event: 19.433 loading class org/hibernate/internal/CoreMessageLogger_$logger_fr_FR
Event: 19.433 loading class org/hibernate/internal/CoreMessageLogger_$logger_fr_FR done
Event: 19.434 loading class org/hibernate/internal/CoreMessageLogger_$logger_fr
Event: 19.434 loading class org/hibernate/internal/CoreMessageLogger_$logger_fr done
Event: 19.434 loading class net/bytebuddy/ByteBuddy
Event: 19.434 loading class net/bytebuddy/ByteBuddy done
Event: 19.437 loading class net/bytebuddy/description/type/TypeList$Generic$Explicit
Event: 19.437 loading class net/bytebuddy/description/type/TypeList$Generic$Explicit done
Event: 19.438 loading class net/bytebuddy/description/type/TypeList$Generic$AbstractBase
Event: 19.438 loading class net/bytebuddy/description/type/TypeList$Generic$AbstractBase done


Dynamic libraries:
0x00007ff76e160000 - 0x00007ff76e16f000 	C:\Program Files\Java\jdk-11.0.10\bin\java.exe
0x00007ffd4ff50000 - 0x00007ffd50145000 	C:\WINDOWS\SYSTEM32\ntdll.dll
0x00007ffd0de20000 - 0x00007ffd0de35000 	C:\Program Files\AVAST Software\Avast\aswhook.dll
0x00007ffd4dfa0000 - 0x00007ffd4e05e000 	C:\WINDOWS\System32\KERNEL32.DLL
0x00007ffd4d7a0000 - 0x00007ffd4da69000 	C:\WINDOWS\System32\KERNELBASE.dll
0x00007ffd4dd80000 - 0x00007ffd4de80000 	C:\WINDOWS\System32\ucrtbase.dll
0x00007ffd4ae40000 - 0x00007ffd4ae58000 	C:\Program Files\Java\jdk-11.0.10\bin\jli.dll
0x00007ffd4ae20000 - 0x00007ffd4ae35000 	C:\Program Files\Java\jdk-11.0.10\bin\VCRUNTIME140.dll
0x00007ffd4f790000 - 0x00007ffd4f83c000 	C:\WINDOWS\System32\ADVAPI32.dll
0x00007ffd4fc50000 - 0x00007ffd4fcee000 	C:\WINDOWS\System32\msvcrt.dll
0x00007ffd4fbb0000 - 0x00007ffd4fc4b000 	C:\WINDOWS\System32\sechost.dll
0x00007ffd4ed10000 - 0x00007ffd4ee3a000 	C:\WINDOWS\System32\RPCRT4.dll
0x00007ffd4f920000 - 0x00007ffd4fac1000 	C:\WINDOWS\System32\USER32.dll
0x00007ffd4d670000 - 0x00007ffd4d692000 	C:\WINDOWS\System32\win32u.dll
0x00007ffd2bb60000 - 0x00007ffd2bdfa000 	C:\WINDOWS\WinSxS\amd64_microsoft.windows.common-controls_6595b64144ccf1df_6.0.19041.1110_none_60b5254171f9507e\COMCTL32.dll
0x00007ffd4e4e0000 - 0x00007ffd4e50b000 	C:\WINDOWS\System32\GDI32.dll
0x00007ffd4da70000 - 0x00007ffd4db7b000 	C:\WINDOWS\System32\gdi32full.dll
0x00007ffd4dce0000 - 0x00007ffd4dd7d000 	C:\WINDOWS\System32\msvcp_win.dll
0x00007ffd47810000 - 0x00007ffd4781a000 	C:\WINDOWS\SYSTEM32\VERSION.dll
0x00007ffd4eed0000 - 0x00007ffd4ef00000 	C:\WINDOWS\System32\IMM32.DLL
0x00007ffd43a30000 - 0x00007ffd43acb000 	C:\Program Files\Java\jdk-11.0.10\bin\msvcp140.dll
0x00007ffcb9000000 - 0x00007ffcb9afb000 	C:\Program Files\Java\jdk-11.0.10\bin\server\jvm.dll
0x00007ffd4ff00000 - 0x00007ffd4ff08000 	C:\WINDOWS\System32\PSAPI.DLL
0x00007ffd3e6b0000 - 0x00007ffd3e6d7000 	C:\WINDOWS\SYSTEM32\WINMM.dll
0x00007ffd42850000 - 0x00007ffd42859000 	C:\WINDOWS\SYSTEM32\WSOCK32.dll
0x00007ffd4ef00000 - 0x00007ffd4ef6b000 	C:\WINDOWS\System32\WS2_32.dll
0x00007ffd4bee0000 - 0x00007ffd4bef2000 	C:\WINDOWS\SYSTEM32\kernel.appcore.dll
0x00007ffd49010000 - 0x00007ffd49020000 	C:\Program Files\Java\jdk-11.0.10\bin\verify.dll
0x00007ffd46360000 - 0x00007ffd46544000 	C:\WINDOWS\SYSTEM32\DBGHELP.DLL
0x00007ffd462a0000 - 0x00007ffd462cc000 	C:\WINDOWS\SYSTEM32\dbgcore.DLL
0x00007ffd4deb0000 - 0x00007ffd4df33000 	C:\WINDOWS\System32\bcryptPrimitives.dll
0x00007ffd43980000 - 0x00007ffd439a8000 	C:\Program Files\Java\jdk-11.0.10\bin\java.dll
0x00007ffd43a20000 - 0x00007ffd43a2a000 	C:\Program Files\Java\jdk-11.0.10\bin\jimage.dll
0x00007ffd43960000 - 0x00007ffd43976000 	C:\Program Files\Java\jdk-11.0.10\bin\zip.dll
0x00007ffd4eff0000 - 0x00007ffd4f72f000 	C:\WINDOWS\System32\SHELL32.dll
0x00007ffd4b630000 - 0x00007ffd4bdc0000 	C:\WINDOWS\SYSTEM32\windows.storage.dll
0x00007ffd4e180000 - 0x00007ffd4e4d5000 	C:\WINDOWS\System32\combase.dll
0x00007ffd4cf10000 - 0x00007ffd4cf3c000 	C:\WINDOWS\SYSTEM32\Wldp.dll
0x00007ffd4e5e0000 - 0x00007ffd4e68e000 	C:\WINDOWS\System32\SHCORE.dll
0x00007ffd4f730000 - 0x00007ffd4f785000 	C:\WINDOWS\System32\shlwapi.dll
0x00007ffd4d5b0000 - 0x00007ffd4d5cf000 	C:\WINDOWS\SYSTEM32\profapi.dll
0x00007ffd43940000 - 0x00007ffd43959000 	C:\Program Files\Java\jdk-11.0.10\bin\net.dll
0x00007ffd47ad0000 - 0x00007ffd47bd8000 	C:\WINDOWS\SYSTEM32\WINHTTP.dll
0x00007ffd4ccf0000 - 0x00007ffd4cd5a000 	C:\WINDOWS\system32\mswsock.dll
0x00007ffd43900000 - 0x00007ffd43912000 	C:\Program Files\Java\jdk-11.0.10\bin\nio.dll
0x00007ffd43930000 - 0x00007ffd43939000 	C:\Program Files\Java\jdk-11.0.10\bin\management.dll
0x00007ffd438f0000 - 0x00007ffd438fb000 	C:\Program Files\Java\jdk-11.0.10\bin\management_ext.dll
0x00007ffd4ca00000 - 0x00007ffd4ca3b000 	C:\WINDOWS\SYSTEM32\IPHLPAPI.DLL
0x00007ffd4ef70000 - 0x00007ffd4ef78000 	C:\WINDOWS\System32\NSI.dll
0x00007ffd47860000 - 0x00007ffd47877000 	C:\WINDOWS\SYSTEM32\dhcpcsvc6.DLL
0x00007ffd478a0000 - 0x00007ffd478bd000 	C:\WINDOWS\SYSTEM32\dhcpcsvc.DLL
0x00007ffd4ca40000 - 0x00007ffd4cb0c000 	C:\WINDOWS\SYSTEM32\DNSAPI.dll
0x00007ffd43730000 - 0x00007ffd4373a000 	C:\Windows\System32\rasadhlp.dll
0x00007ffd47940000 - 0x00007ffd479bf000 	C:\WINDOWS\System32\fwpuclnt.dll
0x00007ffd4de80000 - 0x00007ffd4dea7000 	C:\WINDOWS\System32\bcrypt.dll
0x00007ffd3ba20000 - 0x00007ffd3ba37000 	C:\WINDOWS\system32\napinsp.dll
0x00007ffd3ba00000 - 0x00007ffd3ba1b000 	C:\WINDOWS\system32\pnrpnsp.dll
0x00007ffd3b9e0000 - 0x00007ffd3b9f5000 	C:\WINDOWS\system32\wshbth.dll
0x00007ffd48fd0000 - 0x00007ffd48fed000 	C:\WINDOWS\system32\NLAapi.dll
0x00007ffd3b9c0000 - 0x00007ffd3b9d2000 	C:\WINDOWS\System32\winrnr.dll
0x00007ffd4d280000 - 0x00007ffd4d298000 	C:\WINDOWS\SYSTEM32\CRYPTSP.dll
0x00007ffd4c690000 - 0x00007ffd4c6c4000 	C:\WINDOWS\system32\rsaenh.dll
0x00007ffd4d530000 - 0x00007ffd4d55e000 	C:\WINDOWS\SYSTEM32\USERENV.dll
0x00007ffd4ce80000 - 0x00007ffd4ce8c000 	C:\WINDOWS\SYSTEM32\CRYPTBASE.dll

dbghelp: loaded successfully - version: 4.0.5 - missing functions: none
symbol engine: initialized successfully - sym options: 0x614 - pdb path: .;C:\Program Files\Java\jdk-11.0.10\bin;C:\WINDOWS\SYSTEM32;C:\Program Files\AVAST Software\Avast;C:\WINDOWS\WinSxS\amd64_microsoft.windows.common-controls_6595b64144ccf1df_6.0.19041.1110_none_60b5254171f9507e;C:\Program Files\Java\jdk-11.0.10\bin\server

VM Arguments:
java_command: C:\Users\user\AppData\Local\Temp\surefire2204970647300378047\surefirebooter17950986039094702841.jar C:\Users\user\AppData\Local\Temp\surefire2204970647300378047 2021-10-15T09-41-38_500-jvmRun1 surefire1603479125990486796tmp surefire_018163582291336656285tmp
java_class_path (initial): C:\Users\user\AppData\Local\Temp\surefire2204970647300378047\surefirebooter17950986039094702841.jar
Launcher Type: SUN_STANDARD

[Global flags]
     intx CICompilerCount                          = 4                                         {product} {ergonomic}
     uint ConcGCThreads                            = 2                                         {product} {ergonomic}
     uint G1ConcRefinementThreads                  = 8                                         {product} {ergonomic}
   size_t G1HeapRegionSize                         = 1048576                                   {product} {ergonomic}
    uintx GCDrainStackTargetSize                   = 64                                        {product} {ergonomic}
   size_t InitialHeapSize                          = 134217728                                 {product} {ergonomic}
   size_t MarkStackSize                            = 4194304                                   {product} {ergonomic}
   size_t MaxHeapSize                              = 2116026368                                {product} {ergonomic}
   size_t MaxNewSize                               = 1268776960                                {product} {ergonomic}
   size_t MinHeapDeltaBytes                        = 1048576                                   {product} {ergonomic}
    uintx NonNMethodCodeHeapSize                   = 5836300                                {pd product} {ergonomic}
    uintx NonProfiledCodeHeapSize                  = 122910970                              {pd product} {ergonomic}
    uintx ProfiledCodeHeapSize                     = 122910970                              {pd product} {ergonomic}
    uintx ReservedCodeCacheSize                    = 251658240                              {pd product} {ergonomic}
     bool SegmentedCodeCache                       = true                                      {product} {ergonomic}
     bool UseCompressedClassPointers               = true                                 {lp64_product} {ergonomic}
     bool UseCompressedOops                        = true                                 {lp64_product} {ergonomic}
     bool UseG1GC                                  = true                                      {product} {ergonomic}
     bool UseLargePagesIndividualAllocation        = false                                  {pd product} {ergonomic}

Logging:
Log output configuration:
 #0: stdout all=warning uptime,level,tags
 #1: stderr all=off uptime,level,tags

Environment Variables:
JAVA_HOME=C:\Program Files\Java\jdk-11.0.10
PATH=C:\Program Files\Microsoft MPI\Bin\;A:\product\18.0.0\dbhomeXE\bin;C:\Program Files\Common Files\Oracle\Java\javapath;C:\Program Files\PuTTY\;C:\Program Files\Symfony;C:\ProgramData\ComposerSetup\bin;A:\user\Ingenieurs\ENIT_Info_2020-2021_2eme\2020-2021\JEE\wildfly-8.0.0.Final\wildfly-8.0.0.Final\bin;C:\Program Files\apache-maven-3.6.3\bin;A:\kafka_2.13-2.7.0\bin\windows;C:\src\flutter\bin;C:\Windows\System32\WindowsPowerShell\v1.0;C:\Program Files\Microsoft SQL Server\Client SDK\ODBC\170\Tools\Binn\;C:\Program Files (x86)\NVIDIA Corporation\PhysX\Common;C:\Program Files\NVIDIA Corporation\NVIDIA NvDLISR;C:\Program Files\Docker\Docker\resources\bin;C:\ProgramData\DockerDesktop\version-bin;C:\Program Files\dotnet\;C:\Program Files (x86)\dotnet\;C:\Program Files (x86)\Microsoft SQL Server\150\Tools\Binn\;C:\Program Files\Microsoft SQL Server\150\Tools\Binn\;C:\Program Files\Microsoft SQL Server\150\DTS\Binn\;C:\Program Files (x86)\Microsoft SQL Server\150\DTS\Binn\;C:\Program Files\Microsoft SQL Server\130\Tools\Binn\;C:\Program Files\Java\jdk-11.0.10\bin;C:\Program Files\MySQL\MySQL Server 5.7\bin;C:\Python38;C:\Users\user\AppData\Roaming\npm;C:\Users\user\AppData\Local\Programs\Microsoft VS Code\bin;C:\Users\user\AppData\Local\Microsoft\WindowsApps;C:\Program Files\nodejs;C:\Program Files\Git\cmd;c:\windows\system32;A:\WampServer\bin\php\php7.3.21;C:\Users\user\AppData\Local\ComposerSetup\bin;C:\Users\user\AppData\Roaming\Composer\vendor\bin;C:\Python38\Scripts;A:\user\Ingenieurs\ENIT_Info_2020-2021_2eme\2020-2021\JEE\TP\SM\wildfly-8.1.0.Final\bin;C:\Program Files\MongoDB\Server\4.4\bin;C:\Program Files\apache-maven-3.6.3\bin;A:\kafka_2.13-2.7.0\bin\windows;C:\Windows\System32\wbem;A:\flutter\bin;C:\Windows\System32\WindowsPowerShell\v1.0;A:\Postgres\12\bin;A:\solr-8.8.1\bin;A:\CCS\ccs\tools\compiler\ti-cgt-c6000_8.3.8;C:\Program Files\Azure Data Studio\bin;C:\Users\user\.dotnet\tools;C:\Program Files\Java\jdk-11.0.10\bin;
USERNAME=Malik
OS=Windows_NT
PROCESSOR_IDENTIFIER=Intel64 Family 6 Model 94 Stepping 3, GenuineIntel



---------------  S Y S T E M  ---------------

OS: Windows 10 , 64 bit Build 19041 (10.0.19041.1202)
Hyper-V role detected

CPU:total 8 (initial active 8) (4 cores per cpu, 2 threads per core) family 6 model 94 stepping 3 microcode 0xcc, cmov, cx8, fxsr, mmx, sse, sse2, sse3, ssse3, sse4.1, sse4.2, popcnt, avx, avx2, aes, clmul, erms, rtm, 3dnowpref, lzcnt, ht, tsc, tscinvbit, bmi1, bmi2, adx, fma

Memory: 4k page, system-wide physical 8068M (516M free)
TotalPageFile size 17658M (AvailPageFile size 4M)
current process WorkingSet (physical memory assigned to process): 286M, peak: 288M
current process commit charge ("private bytes"): 364M, peak: 365M

vm_info: Java HotSpot(TM) 64-Bit Server VM (11.0.10+8-LTS-162) for windows-amd64 JRE (11.0.10+8-LTS-162), built on Dec  8 2020 16:32:57 by "mach5one" with MS VC++ 15.9 (VS2017)

END.
